Timestep 1, black's move:
-------------------
|  |R |  |R |  |R |
-------------------
|R |  |R |  |R |  |
-------------------
|  |  |  |  |  |  |
-------------------
|  |  |B |  |  |  |
-------------------
|  |  |  |B |  |B |
-------------------
|B |  |B |  |B |  |
-------------------
Timestep 2, red's move:
-------------------
|  |R |  |R |  |R |
-------------------
|  |  |R |  |R |  |
-------------------
|  |R |  |  |  |  |
-------------------
|  |  |B |  |  |  |
-------------------
|  |  |  |B |  |B |
-------------------
|B |  |B |  |B |  |
-------------------
Timestep 3, black's move:
-------------------
|  |R |  |R |  |R |
-------------------
|B |  |R |  |R |  |
-------------------
|  |  |  |  |  |  |
-------------------
|  |  |  |  |  |  |
-------------------
|  |  |  |B |  |B |
-------------------
|B |  |B |  |B |  |
-------------------
Timestep 4, red's move:
-------------------
|  |R |  |R |  |R |
-------------------
|B |  |R |  |  |  |
-------------------
|  |  |  |R |  |  |
-------------------
|  |  |  |  |  |  |
-------------------
|  |  |  |B |  |B |
-------------------
|B |  |B |  |B |  |
-------------------
Timestep 5, black's move:
-------------------
|  |R |  |R |  |R |
-------------------
|B |  |R |  |  |  |
-------------------
|  |  |  |R |  |  |
-------------------
|  |  |  |  |  |  |
-------------------
|  |B |  |B |  |B |
-------------------
|  |  |B |  |B |  |
-------------------
Timestep 6, red's move:
-------------------
|  |R |  |R |  |R |
-------------------
|B |  |  |  |  |  |
-------------------
|  |R |  |R |  |  |
-------------------
|  |  |  |  |  |  |
-------------------
|  |B |  |B |  |B |
-------------------
|  |  |B |  |B |  |
-------------------
Timestep 7, black's move:
-------------------
|  |R |  |R |  |R |
-------------------
|B |  |  |  |  |  |
-------------------
|  |R |  |R |  |  |
-------------------
|  |  |B |  |  |  |
-------------------
|  |  |  |B |  |B |
-------------------
|  |  |B |  |B |  |
-------------------
Timestep 8, red's move:
-------------------
|  |R |  |R |  |R |
-------------------
|B |  |  |  |  |  |
-------------------
|  |R |  |  |  |  |
-------------------
|  |  |  |  |  |  |
-------------------
|  |R |  |B |  |B |
-------------------
|  |  |B |  |B |  |
-------------------
Timestep 9, black's move:
-------------------
|  |R |  |R |  |R |
-------------------
|B |  |  |  |  |  |
-------------------
|  |R |  |  |  |  |
-------------------
|B |  |  |  |  |  |
-------------------
|  |  |  |B |  |B |
-------------------
|  |  |  |  |B |  |
-------------------
Timestep 10, black's move:
-------------------
|  |R |  |R |  |R |
-------------------
|B |  |B |  |  |  |
-------------------
|  |  |  |  |  |  |
-------------------
|  |  |  |  |  |  |
-------------------
|  |  |  |B |  |B |
-------------------
|  |  |  |  |B |  |
-------------------
Timestep 11, red's move:
-------------------
|  |R |  |  |  |R |
-------------------
|B |  |  |  |  |  |
-------------------
|  |R |  |  |  |  |
-------------------
|  |  |  |  |  |  |
-------------------
|  |  |  |B |  |B |
-------------------
|  |  |  |  |B |  |
-------------------
Timestep 12, black's move:
-------------------
|  |R |  |  |  |R |
-------------------
|B |  |  |  |  |  |
-------------------
|  |R |  |  |  |  |
-------------------
|  |  |  |  |B |  |
-------------------
|  |  |  |B |  |  |
-------------------
|  |  |  |  |B |  |
-------------------
Timestep 13, red's move:
-------------------
|  |R |  |  |  |R |
-------------------
|B |  |  |  |  |  |
-------------------
|  |  |  |  |  |  |
-------------------
|R |  |  |  |B |  |
-------------------
|  |  |  |B |  |  |
-------------------
|  |  |  |  |B |  |
-------------------
Timestep 14, black's move:
-------------------
|  |R |  |  |  |R |
-------------------
|B |  |  |  |  |  |
-------------------
|  |  |  |  |  |  |
-------------------
|R |  |  |  |B |  |
-------------------
|  |  |  |B |  |B |
-------------------
|  |  |  |  |  |  |
-------------------
Timestep 15, red's move:
-------------------
|  |R |  |  |  |  |
-------------------
|B |  |  |  |R |  |
-------------------
|  |  |  |  |  |  |
-------------------
|R |  |  |  |B |  |
-------------------
|  |  |  |B |  |B |
-------------------
|  |  |  |  |  |  |
-------------------
Timestep 16, black's move:
-------------------
|  |R |  |  |  |  |
-------------------
|B |  |  |  |R |  |
-------------------
|  |  |  |  |  |  |
-------------------
|R |  |B |  |B |  |
-------------------
|  |  |  |  |  |B |
-------------------
|  |  |  |  |  |  |
-------------------
Timestep 17, red's move:
-------------------
|  |R |  |  |  |  |
-------------------
|B |  |  |  |  |  |
-------------------
|  |  |  |R |  |  |
-------------------
|R |  |B |  |B |  |
-------------------
|  |  |  |  |  |B |
-------------------
|  |  |  |  |  |  |
-------------------
Timestep 18, black's move:
-------------------
|  |R |  |  |  |  |
-------------------
|B |  |  |  |B |  |
-------------------
|  |  |  |  |  |  |
-------------------
|R |  |  |  |B |  |
-------------------
|  |  |  |  |  |B |
-------------------
|  |  |  |  |  |  |
-------------------
Timestep 19, red's move:
-------------------
|  |R |  |  |  |  |
-------------------
|B |  |  |  |B |  |
-------------------
|  |  |  |  |  |  |
-------------------
|  |  |  |  |B |  |
-------------------
|  |R |  |  |  |B |
-------------------
|  |  |  |  |  |  |
-------------------
Timestep 20, black's move:
-------------------
|  |R |  |  |  |BK|
-------------------
|B |  |  |  |  |  |
-------------------
|  |  |  |  |  |  |
-------------------
|  |  |  |  |B |  |
-------------------
|  |R |  |  |  |B |
-------------------
|  |  |  |  |  |  |
-------------------
Timestep 21, red's move:
-------------------
|  |R |  |  |  |BK|
-------------------
|B |  |  |  |  |  |
-------------------
|  |  |  |  |  |  |
-------------------
|  |  |  |  |B |  |
-------------------
|  |  |  |  |  |B |
-------------------
|RK|  |  |  |  |  |
-------------------
Timestep 22, black's move:
-------------------
|  |R |  |  |  |  |
-------------------
|B |  |  |  |BK|  |
-------------------
|  |  |  |  |  |  |
-------------------
|  |  |  |  |B |  |
-------------------
|  |  |  |  |  |B |
-------------------
|RK|  |  |  |  |  |
-------------------
Timestep 23, red's move:
-------------------
|  |R |  |  |  |  |
-------------------
|B |  |  |  |BK|  |
-------------------
|  |  |  |  |  |  |
-------------------
|  |  |  |  |B |  |
-------------------
|  |RK|  |  |  |B |
-------------------
|  |  |  |  |  |  |
-------------------
Timestep 24, black's move:
-------------------
|  |R |  |  |  |BK|
-------------------
|B |  |  |  |  |  |
-------------------
|  |  |  |  |  |  |
-------------------
|  |  |  |  |B |  |
-------------------
|  |RK|  |  |  |B |
-------------------
|  |  |  |  |  |  |
-------------------
Timestep 25, red's move:
-------------------
|  |R |  |  |  |BK|
-------------------
|B |  |  |  |  |  |
-------------------
|  |  |  |  |  |  |
-------------------
|RK|  |  |  |B |  |
-------------------
|  |  |  |  |  |B |
-------------------
|  |  |  |  |  |  |
-------------------
Timestep 26, black's move:
-------------------
|  |R |  |  |  |  |
-------------------
|B |  |  |  |BK|  |
-------------------
|  |  |  |  |  |  |
-------------------
|RK|  |  |  |B |  |
-------------------
|  |  |  |  |  |B |
-------------------
|  |  |  |  |  |  |
-------------------
Timestep 27, red's move:
-------------------
|  |R |  |  |  |  |
-------------------
|B |  |  |  |BK|  |
-------------------
|  |RK|  |  |  |  |
-------------------
|  |  |  |  |B |  |
-------------------
|  |  |  |  |  |B |
-------------------
|  |  |  |  |  |  |
-------------------
Timestep 28, black's move:
-------------------
|  |R |  |  |  |BK|
-------------------
|B |  |  |  |  |  |
-------------------
|  |RK|  |  |  |  |
-------------------
|  |  |  |  |B |  |
-------------------
|  |  |  |  |  |B |
-------------------
|  |  |  |  |  |  |
-------------------
Timestep 29, red's move:
-------------------
|  |R |  |  |  |BK|
-------------------
|B |  |RK|  |  |  |
-------------------
|  |  |  |  |  |  |
-------------------
|  |  |  |  |B |  |
-------------------
|  |  |  |  |  |B |
-------------------
|  |  |  |  |  |  |
-------------------
Timestep 30, black's move:
-------------------
|  |R |  |  |  |  |
-------------------
|B |  |RK|  |BK|  |
-------------------
|  |  |  |  |  |  |
-------------------
|  |  |  |  |B |  |
-------------------
|  |  |  |  |  |B |
-------------------
|  |  |  |  |  |  |
-------------------
Timestep 31, red's move:
-------------------
|  |R |  |  |  |  |
-------------------
|B |  |  |  |BK|  |
-------------------
|  |RK|  |  |  |  |
-------------------
|  |  |  |  |B |  |
-------------------
|  |  |  |  |  |B |
-------------------
|  |  |  |  |  |  |
-------------------
Timestep 32, black's move:
-------------------
|  |R |  |  |  |BK|
-------------------
|B |  |  |  |  |  |
-------------------
|  |RK|  |  |  |  |
-------------------
|  |  |  |  |B |  |
-------------------
|  |  |  |  |  |B |
-------------------
|  |  |  |  |  |  |
-------------------
Timestep 33, red's move:
-------------------
|  |R |  |  |  |BK|
-------------------
|B |  |RK|  |  |  |
-------------------
|  |  |  |  |  |  |
-------------------
|  |  |  |  |B |  |
-------------------
|  |  |  |  |  |B |
-------------------
|  |  |  |  |  |  |
-------------------
Timestep 34, black's move:
-------------------
|  |R |  |  |  |  |
-------------------
|B |  |RK|  |BK|  |
-------------------
|  |  |  |  |  |  |
-------------------
|  |  |  |  |B |  |
-------------------
|  |  |  |  |  |B |
-------------------
|  |  |  |  |  |  |
-------------------
Timestep 35, red's move:
-------------------
|  |R |  |  |  |  |
-------------------
|B |  |  |  |BK|  |
-------------------
|  |RK|  |  |  |  |
-------------------
|  |  |  |  |B |  |
-------------------
|  |  |  |  |  |B |
-------------------
|  |  |  |  |  |  |
-------------------
Timestep 36, black's move:
-------------------
|  |R |  |  |  |BK|
-------------------
|B |  |  |  |  |  |
-------------------
|  |RK|  |  |  |  |
-------------------
|  |  |  |  |B |  |
-------------------
|  |  |  |  |  |B |
-------------------
|  |  |  |  |  |  |
-------------------
Timestep 37, red's move:
-------------------
|  |R |  |  |  |BK|
-------------------
|B |  |RK|  |  |  |
-------------------
|  |  |  |  |  |  |
-------------------
|  |  |  |  |B |  |
-------------------
|  |  |  |  |  |B |
-------------------
|  |  |  |  |  |  |
-------------------
Timestep 38, black's move:
-------------------
|  |R |  |  |  |  |
-------------------
|B |  |RK|  |BK|  |
-------------------
|  |  |  |  |  |  |
-------------------
|  |  |  |  |B |  |
-------------------
|  |  |  |  |  |B |
-------------------
|  |  |  |  |  |  |
-------------------
Timestep 39, red's move:
-------------------
|  |R |  |  |  |  |
-------------------
|B |  |  |  |BK|  |
-------------------
|  |RK|  |  |  |  |
-------------------
|  |  |  |  |B |  |
-------------------
|  |  |  |  |  |B |
-------------------
|  |  |  |  |  |  |
-------------------
Timestep 40, black's move:
-------------------
|  |R |  |  |  |BK|
-------------------
|B |  |  |  |  |  |
-------------------
|  |RK|  |  |  |  |
-------------------
|  |  |  |  |B |  |
-------------------
|  |  |  |  |  |B |
-------------------
|  |  |  |  |  |  |
-------------------
Timestep 41, red's move:
-------------------
|  |R |  |  |  |BK|
-------------------
|B |  |RK|  |  |  |
-------------------
|  |  |  |  |  |  |
-------------------
|  |  |  |  |B |  |
-------------------
|  |  |  |  |  |B |
-------------------
|  |  |  |  |  |  |
-------------------
Timestep 42, black's move:
-------------------
|  |R |  |  |  |  |
-------------------
|B |  |RK|  |BK|  |
-------------------
|  |  |  |  |  |  |
-------------------
|  |  |  |  |B |  |
-------------------
|  |  |  |  |  |B |
-------------------
|  |  |  |  |  |  |
-------------------
Timestep 43, red's move:
-------------------
|  |R |  |  |  |  |
-------------------
|B |  |  |  |BK|  |
-------------------
|  |RK|  |  |  |  |
-------------------
|  |  |  |  |B |  |
-------------------
|  |  |  |  |  |B |
-------------------
|  |  |  |  |  |  |
-------------------
Timestep 44, black's move:
-------------------
|  |R |  |  |  |BK|
-------------------
|B |  |  |  |  |  |
-------------------
|  |RK|  |  |  |  |
-------------------
|  |  |  |  |B |  |
-------------------
|  |  |  |  |  |B |
-------------------
|  |  |  |  |  |  |
-------------------
Timestep 45, red's move:
-------------------
|  |R |  |  |  |BK|
-------------------
|B |  |RK|  |  |  |
-------------------
|  |  |  |  |  |  |
-------------------
|  |  |  |  |B |  |
-------------------
|  |  |  |  |  |B |
-------------------
|  |  |  |  |  |  |
-------------------
Timestep 46, black's move:
-------------------
|  |R |  |  |  |  |
-------------------
|B |  |RK|  |BK|  |
-------------------
|  |  |  |  |  |  |
-------------------
|  |  |  |  |B |  |
-------------------
|  |  |  |  |  |B |
-------------------
|  |  |  |  |  |  |
-------------------
Timestep 47, red's move:
-------------------
|  |R |  |  |  |  |
-------------------
|B |  |  |  |BK|  |
-------------------
|  |RK|  |  |  |  |
-------------------
|  |  |  |  |B |  |
-------------------
|  |  |  |  |  |B |
-------------------
|  |  |  |  |  |  |
-------------------
Timestep 48, black's move:
-------------------
|  |R |  |  |  |BK|
-------------------
|B |  |  |  |  |  |
-------------------
|  |RK|  |  |  |  |
-------------------
|  |  |  |  |B |  |
-------------------
|  |  |  |  |  |B |
-------------------
|  |  |  |  |  |  |
-------------------
Timestep 49, red's move:
-------------------
|  |R |  |  |  |BK|
-------------------
|B |  |RK|  |  |  |
-------------------
|  |  |  |  |  |  |
-------------------
|  |  |  |  |B |  |
-------------------
|  |  |  |  |  |B |
-------------------
|  |  |  |  |  |  |
-------------------
Timestep 50, black's move:
-------------------
|  |R |  |  |  |  |
-------------------
|B |  |RK|  |BK|  |
-------------------
|  |  |  |  |  |  |
-------------------
|  |  |  |  |B |  |
-------------------
|  |  |  |  |  |B |
-------------------
|  |  |  |  |  |  |
-------------------
Timestep 51, red's move:
-------------------
|  |R |  |  |  |  |
-------------------
|B |  |  |  |BK|  |
-------------------
|  |RK|  |  |  |  |
-------------------
|  |  |  |  |B |  |
-------------------
|  |  |  |  |  |B |
-------------------
|  |  |  |  |  |  |
-------------------
Timestep 52, black's move:
-------------------
|  |R |  |  |  |BK|
-------------------
|B |  |  |  |  |  |
-------------------
|  |RK|  |  |  |  |
-------------------
|  |  |  |  |B |  |
-------------------
|  |  |  |  |  |B |
-------------------
|  |  |  |  |  |  |
-------------------
Timestep 53, red's move:
-------------------
|  |R |  |  |  |BK|
-------------------
|B |  |RK|  |  |  |
-------------------
|  |  |  |  |  |  |
-------------------
|  |  |  |  |B |  |
-------------------
|  |  |  |  |  |B |
-------------------
|  |  |  |  |  |  |
-------------------
Timestep 54, black's move:
-------------------
|  |R |  |  |  |  |
-------------------
|B |  |RK|  |BK|  |
-------------------
|  |  |  |  |  |  |
-------------------
|  |  |  |  |B |  |
-------------------
|  |  |  |  |  |B |
-------------------
|  |  |  |  |  |  |
-------------------
Timestep 55, red's move:
-------------------
|  |R |  |  |  |  |
-------------------
|B |  |  |  |BK|  |
-------------------
|  |RK|  |  |  |  |
-------------------
|  |  |  |  |B |  |
-------------------
|  |  |  |  |  |B |
-------------------
|  |  |  |  |  |  |
-------------------
Timestep 56, black's move:
-------------------
|  |R |  |  |  |BK|
-------------------
|B |  |  |  |  |  |
-------------------
|  |RK|  |  |  |  |
-------------------
|  |  |  |  |B |  |
-------------------
|  |  |  |  |  |B |
-------------------
|  |  |  |  |  |  |
-------------------
Timestep 57, red's move:
-------------------
|  |R |  |  |  |BK|
-------------------
|B |  |RK|  |  |  |
-------------------
|  |  |  |  |  |  |
-------------------
|  |  |  |  |B |  |
-------------------
|  |  |  |  |  |B |
-------------------
|  |  |  |  |  |  |
-------------------
Timestep 58, black's move:
-------------------
|  |R |  |  |  |  |
-------------------
|B |  |RK|  |BK|  |
-------------------
|  |  |  |  |  |  |
-------------------
|  |  |  |  |B |  |
-------------------
|  |  |  |  |  |B |
-------------------
|  |  |  |  |  |  |
-------------------
Timestep 59, red's move:
-------------------
|  |R |  |  |  |  |
-------------------
|B |  |  |  |BK|  |
-------------------
|  |RK|  |  |  |  |
-------------------
|  |  |  |  |B |  |
-------------------
|  |  |  |  |  |B |
-------------------
|  |  |  |  |  |  |
-------------------
Timestep 60, black's move:
-------------------
|  |R |  |  |  |BK|
-------------------
|B |  |  |  |  |  |
-------------------
|  |RK|  |  |  |  |
-------------------
|  |  |  |  |B |  |
-------------------
|  |  |  |  |  |B |
-------------------
|  |  |  |  |  |  |
-------------------
Timestep 61, red's move:
-------------------
|  |R |  |  |  |BK|
-------------------
|B |  |RK|  |  |  |
-------------------
|  |  |  |  |  |  |
-------------------
|  |  |  |  |B |  |
-------------------
|  |  |  |  |  |B |
-------------------
|  |  |  |  |  |  |
-------------------
Timestep 62, black's move:
-------------------
|  |R |  |  |  |  |
-------------------
|B |  |RK|  |BK|  |
-------------------
|  |  |  |  |  |  |
-------------------
|  |  |  |  |B |  |
-------------------
|  |  |  |  |  |B |
-------------------
|  |  |  |  |  |  |
-------------------
Timestep 63, red's move:
-------------------
|  |R |  |  |  |  |
-------------------
|B |  |  |  |BK|  |
-------------------
|  |RK|  |  |  |  |
-------------------
|  |  |  |  |B |  |
-------------------
|  |  |  |  |  |B |
-------------------
|  |  |  |  |  |  |
-------------------
Timestep 64, black's move:
-------------------
|  |R |  |  |  |BK|
-------------------
|B |  |  |  |  |  |
-------------------
|  |RK|  |  |  |  |
-------------------
|  |  |  |  |B |  |
-------------------
|  |  |  |  |  |B |
-------------------
|  |  |  |  |  |  |
-------------------
Timestep 65, red's move:
-------------------
|  |R |  |  |  |BK|
-------------------
|B |  |RK|  |  |  |
-------------------
|  |  |  |  |  |  |
-------------------
|  |  |  |  |B |  |
-------------------
|  |  |  |  |  |B |
-------------------
|  |  |  |  |  |  |
-------------------
Timestep 66, black's move:
-------------------
|  |R |  |  |  |  |
-------------------
|B |  |RK|  |BK|  |
-------------------
|  |  |  |  |  |  |
-------------------
|  |  |  |  |B |  |
-------------------
|  |  |  |  |  |B |
-------------------
|  |  |  |  |  |  |
-------------------
Timestep 67, red's move:
-------------------
|  |R |  |  |  |  |
-------------------
|B |  |  |  |BK|  |
-------------------
|  |RK|  |  |  |  |
-------------------
|  |  |  |  |B |  |
-------------------
|  |  |  |  |  |B |
-------------------
|  |  |  |  |  |  |
-------------------
Timestep 68, black's move:
-------------------
|  |R |  |  |  |BK|
-------------------
|B |  |  |  |  |  |
-------------------
|  |RK|  |  |  |  |
-------------------
|  |  |  |  |B |  |
-------------------
|  |  |  |  |  |B |
-------------------
|  |  |  |  |  |  |
-------------------
Timestep 69, red's move:
-------------------
|  |R |  |  |  |BK|
-------------------
|B |  |RK|  |  |  |
-------------------
|  |  |  |  |  |  |
-------------------
|  |  |  |  |B |  |
-------------------
|  |  |  |  |  |B |
-------------------
|  |  |  |  |  |  |
-------------------
Timestep 70, black's move:
-------------------
|  |R |  |  |  |  |
-------------------
|B |  |RK|  |BK|  |
-------------------
|  |  |  |  |  |  |
-------------------
|  |  |  |  |B |  |
-------------------
|  |  |  |  |  |B |
-------------------
|  |  |  |  |  |  |
-------------------
Timestep 71, red's move:
-------------------
|  |R |  |  |  |  |
-------------------
|B |  |  |  |BK|  |
-------------------
|  |RK|  |  |  |  |
-------------------
|  |  |  |  |B |  |
-------------------
|  |  |  |  |  |B |
-------------------
|  |  |  |  |  |  |
-------------------
Timestep 72, black's move:
-------------------
|  |R |  |  |  |BK|
-------------------
|B |  |  |  |  |  |
-------------------
|  |RK|  |  |  |  |
-------------------
|  |  |  |  |B |  |
-------------------
|  |  |  |  |  |B |
-------------------
|  |  |  |  |  |  |
-------------------
Timestep 73, red's move:
-------------------
|  |R |  |  |  |BK|
-------------------
|B |  |RK|  |  |  |
-------------------
|  |  |  |  |  |  |
-------------------
|  |  |  |  |B |  |
-------------------
|  |  |  |  |  |B |
-------------------
|  |  |  |  |  |  |
-------------------
Timestep 74, black's move:
-------------------
|  |R |  |  |  |  |
-------------------
|B |  |RK|  |BK|  |
-------------------
|  |  |  |  |  |  |
-------------------
|  |  |  |  |B |  |
-------------------
|  |  |  |  |  |B |
-------------------
|  |  |  |  |  |  |
-------------------
Timestep 75, red's move:
-------------------
|  |R |  |  |  |  |
-------------------
|B |  |  |  |BK|  |
-------------------
|  |RK|  |  |  |  |
-------------------
|  |  |  |  |B |  |
-------------------
|  |  |  |  |  |B |
-------------------
|  |  |  |  |  |  |
-------------------
Timestep 76, black's move:
-------------------
|  |R |  |  |  |BK|
-------------------
|B |  |  |  |  |  |
-------------------
|  |RK|  |  |  |  |
-------------------
|  |  |  |  |B |  |
-------------------
|  |  |  |  |  |B |
-------------------
|  |  |  |  |  |  |
-------------------
Timestep 77, red's move:
-------------------
|  |R |  |  |  |BK|
-------------------
|B |  |RK|  |  |  |
-------------------
|  |  |  |  |  |  |
-------------------
|  |  |  |  |B |  |
-------------------
|  |  |  |  |  |B |
-------------------
|  |  |  |  |  |  |
-------------------
Timestep 78, black's move:
-------------------
|  |R |  |  |  |  |
-------------------
|B |  |RK|  |BK|  |
-------------------
|  |  |  |  |  |  |
-------------------
|  |  |  |  |B |  |
-------------------
|  |  |  |  |  |B |
-------------------
|  |  |  |  |  |  |
-------------------
Timestep 79, red's move:
-------------------
|  |R |  |  |  |  |
-------------------
|B |  |  |  |BK|  |
-------------------
|  |RK|  |  |  |  |
-------------------
|  |  |  |  |B |  |
-------------------
|  |  |  |  |  |B |
-------------------
|  |  |  |  |  |  |
-------------------
Timestep 80, black's move:
-------------------
|  |R |  |  |  |BK|
-------------------
|B |  |  |  |  |  |
-------------------
|  |RK|  |  |  |  |
-------------------
|  |  |  |  |B |  |
-------------------
|  |  |  |  |  |B |
-------------------
|  |  |  |  |  |  |
-------------------
Timestep 81, red's move:
-------------------
|  |R |  |  |  |BK|
-------------------
|B |  |RK|  |  |  |
-------------------
|  |  |  |  |  |  |
-------------------
|  |  |  |  |B |  |
-------------------
|  |  |  |  |  |B |
-------------------
|  |  |  |  |  |  |
-------------------
Timestep 82, black's move:
-------------------
|  |R |  |  |  |  |
-------------------
|B |  |RK|  |BK|  |
-------------------
|  |  |  |  |  |  |
-------------------
|  |  |  |  |B |  |
-------------------
|  |  |  |  |  |B |
-------------------
|  |  |  |  |  |  |
-------------------
Timestep 83, red's move:
-------------------
|  |R |  |  |  |  |
-------------------
|B |  |  |  |BK|  |
-------------------
|  |RK|  |  |  |  |
-------------------
|  |  |  |  |B |  |
-------------------
|  |  |  |  |  |B |
-------------------
|  |  |  |  |  |  |
-------------------
Timestep 84, black's move:
-------------------
|  |R |  |  |  |BK|
-------------------
|B |  |  |  |  |  |
-------------------
|  |RK|  |  |  |  |
-------------------
|  |  |  |  |B |  |
-------------------
|  |  |  |  |  |B |
-------------------
|  |  |  |  |  |  |
-------------------
Timestep 85, red's move:
-------------------
|  |R |  |  |  |BK|
-------------------
|B |  |RK|  |  |  |
-------------------
|  |  |  |  |  |  |
-------------------
|  |  |  |  |B |  |
-------------------
|  |  |  |  |  |B |
-------------------
|  |  |  |  |  |  |
-------------------
Timestep 86, black's move:
-------------------
|  |R |  |  |  |  |
-------------------
|B |  |RK|  |BK|  |
-------------------
|  |  |  |  |  |  |
-------------------
|  |  |  |  |B |  |
-------------------
|  |  |  |  |  |B |
-------------------
|  |  |  |  |  |  |
-------------------
Timestep 87, red's move:
-------------------
|  |R |  |  |  |  |
-------------------
|B |  |  |  |BK|  |
-------------------
|  |RK|  |  |  |  |
-------------------
|  |  |  |  |B |  |
-------------------
|  |  |  |  |  |B |
-------------------
|  |  |  |  |  |  |
-------------------
Timestep 88, black's move:
-------------------
|  |R |  |  |  |BK|
-------------------
|B |  |  |  |  |  |
-------------------
|  |RK|  |  |  |  |
-------------------
|  |  |  |  |B |  |
-------------------
|  |  |  |  |  |B |
-------------------
|  |  |  |  |  |  |
-------------------
Timestep 89, red's move:
-------------------
|  |R |  |  |  |BK|
-------------------
|B |  |RK|  |  |  |
-------------------
|  |  |  |  |  |  |
-------------------
|  |  |  |  |B |  |
-------------------
|  |  |  |  |  |B |
-------------------
|  |  |  |  |  |  |
-------------------
Timestep 90, black's move:
-------------------
|  |R |  |  |  |  |
-------------------
|B |  |RK|  |BK|  |
-------------------
|  |  |  |  |  |  |
-------------------
|  |  |  |  |B |  |
-------------------
|  |  |  |  |  |B |
-------------------
|  |  |  |  |  |  |
-------------------
Timestep 91, red's move:
-------------------
|  |R |  |  |  |  |
-------------------
|B |  |  |  |BK|  |
-------------------
|  |RK|  |  |  |  |
-------------------
|  |  |  |  |B |  |
-------------------
|  |  |  |  |  |B |
-------------------
|  |  |  |  |  |  |
-------------------
Timestep 92, black's move:
-------------------
|  |R |  |  |  |BK|
-------------------
|B |  |  |  |  |  |
-------------------
|  |RK|  |  |  |  |
-------------------
|  |  |  |  |B |  |
-------------------
|  |  |  |  |  |B |
-------------------
|  |  |  |  |  |  |
-------------------
Timestep 93, red's move:
-------------------
|  |R |  |  |  |BK|
-------------------
|B |  |RK|  |  |  |
-------------------
|  |  |  |  |  |  |
-------------------
|  |  |  |  |B |  |
-------------------
|  |  |  |  |  |B |
-------------------
|  |  |  |  |  |  |
-------------------
Timestep 94, black's move:
-------------------
|  |R |  |  |  |  |
-------------------
|B |  |RK|  |BK|  |
-------------------
|  |  |  |  |  |  |
-------------------
|  |  |  |  |B |  |
-------------------
|  |  |  |  |  |B |
-------------------
|  |  |  |  |  |  |
-------------------
Timestep 95, red's move:
-------------------
|  |R |  |  |  |  |
-------------------
|B |  |  |  |BK|  |
-------------------
|  |RK|  |  |  |  |
-------------------
|  |  |  |  |B |  |
-------------------
|  |  |  |  |  |B |
-------------------
|  |  |  |  |  |  |
-------------------
Timestep 96, black's move:
-------------------
|  |R |  |  |  |BK|
-------------------
|B |  |  |  |  |  |
-------------------
|  |RK|  |  |  |  |
-------------------
|  |  |  |  |B |  |
-------------------
|  |  |  |  |  |B |
-------------------
|  |  |  |  |  |  |
-------------------
Timestep 97, red's move:
-------------------
|  |R |  |  |  |BK|
-------------------
|B |  |RK|  |  |  |
-------------------
|  |  |  |  |  |  |
-------------------
|  |  |  |  |B |  |
-------------------
|  |  |  |  |  |B |
-------------------
|  |  |  |  |  |  |
-------------------
Timestep 98, black's move:
-------------------
|  |R |  |  |  |  |
-------------------
|B |  |RK|  |BK|  |
-------------------
|  |  |  |  |  |  |
-------------------
|  |  |  |  |B |  |
-------------------
|  |  |  |  |  |B |
-------------------
|  |  |  |  |  |  |
-------------------
Timestep 99, red's move:
-------------------
|  |R |  |  |  |  |
-------------------
|B |  |  |  |BK|  |
-------------------
|  |RK|  |  |  |  |
-------------------
|  |  |  |  |B |  |
-------------------
|  |  |  |  |  |B |
-------------------
|  |  |  |  |  |  |
-------------------
Timestep 100, black's move:
-------------------
|  |R |  |  |  |BK|
-------------------
|B |  |  |  |  |  |
-------------------
|  |RK|  |  |  |  |
-------------------
|  |  |  |  |B |  |
-------------------
|  |  |  |  |  |B |
-------------------
|  |  |  |  |  |  |
-------------------
Timestep 101, red's move:
-------------------
|  |R |  |  |  |BK|
-------------------
|B |  |RK|  |  |  |
-------------------
|  |  |  |  |  |  |
-------------------
|  |  |  |  |B |  |
-------------------
|  |  |  |  |  |B |
-------------------
|  |  |  |  |  |  |
-------------------
Timestep 102, black's move:
-------------------
|  |R |  |  |  |  |
-------------------
|B |  |RK|  |BK|  |
-------------------
|  |  |  |  |  |  |
-------------------
|  |  |  |  |B |  |
-------------------
|  |  |  |  |  |B |
-------------------
|  |  |  |  |  |  |
-------------------
Timestep 103, red's move:
-------------------
|  |R |  |  |  |  |
-------------------
|B |  |  |  |BK|  |
-------------------
|  |RK|  |  |  |  |
-------------------
|  |  |  |  |B |  |
-------------------
|  |  |  |  |  |B |
-------------------
|  |  |  |  |  |  |
-------------------
Timestep 104, black's move:
-------------------
|  |R |  |  |  |BK|
-------------------
|B |  |  |  |  |  |
-------------------
|  |RK|  |  |  |  |
-------------------
|  |  |  |  |B |  |
-------------------
|  |  |  |  |  |B |
-------------------
|  |  |  |  |  |  |
-------------------
Timestep 105, red's move:
-------------------
|  |R |  |  |  |BK|
-------------------
|B |  |RK|  |  |  |
-------------------
|  |  |  |  |  |  |
-------------------
|  |  |  |  |B |  |
-------------------
|  |  |  |  |  |B |
-------------------
|  |  |  |  |  |  |
-------------------
Timestep 106, black's move:
-------------------
|  |R |  |  |  |  |
-------------------
|B |  |RK|  |BK|  |
-------------------
|  |  |  |  |  |  |
-------------------
|  |  |  |  |B |  |
-------------------
|  |  |  |  |  |B |
-------------------
|  |  |  |  |  |  |
-------------------
Timestep 107, red's move:
-------------------
|  |R |  |  |  |  |
-------------------
|B |  |  |  |BK|  |
-------------------
|  |RK|  |  |  |  |
-------------------
|  |  |  |  |B |  |
-------------------
|  |  |  |  |  |B |
-------------------
|  |  |  |  |  |  |
-------------------
Timestep 108, black's move:
-------------------
|  |R |  |  |  |BK|
-------------------
|B |  |  |  |  |  |
-------------------
|  |RK|  |  |  |  |
-------------------
|  |  |  |  |B |  |
-------------------
|  |  |  |  |  |B |
-------------------
|  |  |  |  |  |  |
-------------------
Timestep 109, red's move:
-------------------
|  |R |  |  |  |BK|
-------------------
|B |  |RK|  |  |  |
-------------------
|  |  |  |  |  |  |
-------------------
|  |  |  |  |B |  |
-------------------
|  |  |  |  |  |B |
-------------------
|  |  |  |  |  |  |
-------------------
Timestep 110, black's move:
-------------------
|  |R |  |  |  |  |
-------------------
|B |  |RK|  |BK|  |
-------------------
|  |  |  |  |  |  |
-------------------
|  |  |  |  |B |  |
-------------------
|  |  |  |  |  |B |
-------------------
|  |  |  |  |  |  |
-------------------
Timestep 111, red's move:
-------------------
|  |R |  |  |  |  |
-------------------
|B |  |  |  |BK|  |
-------------------
|  |RK|  |  |  |  |
-------------------
|  |  |  |  |B |  |
-------------------
|  |  |  |  |  |B |
-------------------
|  |  |  |  |  |  |
-------------------
Timestep 112, black's move:
-------------------
|  |R |  |  |  |BK|
-------------------
|B |  |  |  |  |  |
-------------------
|  |RK|  |  |  |  |
-------------------
|  |  |  |  |B |  |
-------------------
|  |  |  |  |  |B |
-------------------
|  |  |  |  |  |  |
-------------------
Timestep 113, red's move:
-------------------
|  |R |  |  |  |BK|
-------------------
|B |  |RK|  |  |  |
-------------------
|  |  |  |  |  |  |
-------------------
|  |  |  |  |B |  |
-------------------
|  |  |  |  |  |B |
-------------------
|  |  |  |  |  |  |
-------------------
Timestep 114, black's move:
-------------------
|  |R |  |  |  |  |
-------------------
|B |  |RK|  |BK|  |
-------------------
|  |  |  |  |  |  |
-------------------
|  |  |  |  |B |  |
-------------------
|  |  |  |  |  |B |
-------------------
|  |  |  |  |  |  |
-------------------
Timestep 115, red's move:
-------------------
|  |R |  |  |  |  |
-------------------
|B |  |  |  |BK|  |
-------------------
|  |RK|  |  |  |  |
-------------------
|  |  |  |  |B |  |
-------------------
|  |  |  |  |  |B |
-------------------
|  |  |  |  |  |  |
-------------------
Timestep 116, black's move:
-------------------
|  |R |  |  |  |BK|
-------------------
|B |  |  |  |  |  |
-------------------
|  |RK|  |  |  |  |
-------------------
|  |  |  |  |B |  |
-------------------
|  |  |  |  |  |B |
-------------------
|  |  |  |  |  |  |
-------------------
Timestep 117, red's move:
-------------------
|  |R |  |  |  |BK|
-------------------
|B |  |RK|  |  |  |
-------------------
|  |  |  |  |  |  |
-------------------
|  |  |  |  |B |  |
-------------------
|  |  |  |  |  |B |
-------------------
|  |  |  |  |  |  |
-------------------
Timestep 118, black's move:
-------------------
|  |R |  |  |  |  |
-------------------
|B |  |RK|  |BK|  |
-------------------
|  |  |  |  |  |  |
-------------------
|  |  |  |  |B |  |
-------------------
|  |  |  |  |  |B |
-------------------
|  |  |  |  |  |  |
-------------------
Timestep 119, red's move:
-------------------
|  |R |  |  |  |  |
-------------------
|B |  |  |  |BK|  |
-------------------
|  |RK|  |  |  |  |
-------------------
|  |  |  |  |B |  |
-------------------
|  |  |  |  |  |B |
-------------------
|  |  |  |  |  |  |
-------------------
Timestep 120, black's move:
-------------------
|  |R |  |  |  |BK|
-------------------
|B |  |  |  |  |  |
-------------------
|  |RK|  |  |  |  |
-------------------
|  |  |  |  |B |  |
-------------------
|  |  |  |  |  |B |
-------------------
|  |  |  |  |  |  |
-------------------
Timestep 121, red's move:
-------------------
|  |R |  |  |  |BK|
-------------------
|B |  |RK|  |  |  |
-------------------
|  |  |  |  |  |  |
-------------------
|  |  |  |  |B |  |
-------------------
|  |  |  |  |  |B |
-------------------
|  |  |  |  |  |  |
-------------------
Timestep 122, black's move:
-------------------
|  |R |  |  |  |  |
-------------------
|B |  |RK|  |BK|  |
-------------------
|  |  |  |  |  |  |
-------------------
|  |  |  |  |B |  |
-------------------
|  |  |  |  |  |B |
-------------------
|  |  |  |  |  |  |
-------------------
Timestep 123, red's move:
-------------------
|  |R |  |  |  |  |
-------------------
|B |  |  |  |BK|  |
-------------------
|  |RK|  |  |  |  |
-------------------
|  |  |  |  |B |  |
-------------------
|  |  |  |  |  |B |
-------------------
|  |  |  |  |  |  |
-------------------
Timestep 124, black's move:
-------------------
|  |R |  |  |  |BK|
-------------------
|B |  |  |  |  |  |
-------------------
|  |RK|  |  |  |  |
-------------------
|  |  |  |  |B |  |
-------------------
|  |  |  |  |  |B |
-------------------
|  |  |  |  |  |  |
-------------------
Timestep 125, red's move:
-------------------
|  |R |  |  |  |BK|
-------------------
|B |  |RK|  |  |  |
-------------------
|  |  |  |  |  |  |
-------------------
|  |  |  |  |B |  |
-------------------
|  |  |  |  |  |B |
-------------------
|  |  |  |  |  |  |
-------------------
Timestep 126, black's move:
-------------------
|  |R |  |  |  |  |
-------------------
|B |  |RK|  |BK|  |
-------------------
|  |  |  |  |  |  |
-------------------
|  |  |  |  |B |  |
-------------------
|  |  |  |  |  |B |
-------------------
|  |  |  |  |  |  |
-------------------
Timestep 127, red's move:
-------------------
|  |R |  |  |  |  |
-------------------
|B |  |  |  |BK|  |
-------------------
|  |RK|  |  |  |  |
-------------------
|  |  |  |  |B |  |
-------------------
|  |  |  |  |  |B |
-------------------
|  |  |  |  |  |  |
-------------------
Timestep 128, black's move:
-------------------
|  |R |  |  |  |BK|
-------------------
|B |  |  |  |  |  |
-------------------
|  |RK|  |  |  |  |
-------------------
|  |  |  |  |B |  |
-------------------
|  |  |  |  |  |B |
-------------------
|  |  |  |  |  |  |
-------------------
Timestep 129, red's move:
-------------------
|  |R |  |  |  |BK|
-------------------
|B |  |RK|  |  |  |
-------------------
|  |  |  |  |  |  |
-------------------
|  |  |  |  |B |  |
-------------------
|  |  |  |  |  |B |
-------------------
|  |  |  |  |  |  |
-------------------
Timestep 130, black's move:
-------------------
|  |R |  |  |  |  |
-------------------
|B |  |RK|  |BK|  |
-------------------
|  |  |  |  |  |  |
-------------------
|  |  |  |  |B |  |
-------------------
|  |  |  |  |  |B |
-------------------
|  |  |  |  |  |  |
-------------------
Timestep 131, red's move:
-------------------
|  |R |  |  |  |  |
-------------------
|B |  |  |  |BK|  |
-------------------
|  |RK|  |  |  |  |
-------------------
|  |  |  |  |B |  |
-------------------
|  |  |  |  |  |B |
-------------------
|  |  |  |  |  |  |
-------------------
Timestep 132, black's move:
-------------------
|  |R |  |BK|  |  |
-------------------
|B |  |  |  |  |  |
-------------------
|  |RK|  |  |  |  |
-------------------
|  |  |  |  |B |  |
-------------------
|  |  |  |  |  |B |
-------------------
|  |  |  |  |  |  |
-------------------
Timestep 133, red's move:
-------------------
|  |R |  |BK|  |  |
-------------------
|B |  |RK|  |  |  |
-------------------
|  |  |  |  |  |  |
-------------------
|  |  |  |  |B |  |
-------------------
|  |  |  |  |  |B |
-------------------
|  |  |  |  |  |  |
-------------------
Timestep 134, black's move:
-------------------
|  |R |  |  |  |  |
-------------------
|B |  |  |  |  |  |
-------------------
|  |BK|  |  |  |  |
-------------------
|  |  |  |  |B |  |
-------------------
|  |  |  |  |  |B |
-------------------
|  |  |  |  |  |  |
-------------------
Timestep 135, red's move:
-------------------
|  |  |  |  |  |  |
-------------------
|B |  |R |  |  |  |
-------------------
|  |BK|  |  |  |  |
-------------------
|  |  |  |  |B |  |
-------------------
|  |  |  |  |  |B |
-------------------
|  |  |  |  |  |  |
-------------------
Timestep 136, black's move:
-------------------
|  |  |  |BK|  |  |
-------------------
|B |  |  |  |  |  |
-------------------
|  |  |  |  |  |  |
-------------------
|  |  |  |  |B |  |
-------------------
|  |  |  |  |  |B |
-------------------
|  |  |  |  |  |  |
-------------------
Black wins!
